<?xml version="1.0" encoding="UTF-8"?>
<!-- Generated by org.testng.reporters.JUnitXMLReporter -->
<testsuite ignored="5" hostname="LTIN193716" failures="0" tests="1" name="Default test" time="0.09" errors="0" timestamp="2024-02-26T14:52:55 IST">
  <testcase classname="testBase.baseClass" name="@BeforeClass setUp" time="-1.708939375325E9">
    <failure type="org.testng.TestNGException" message="
Parameter &amp;apos;browser&amp;apos; is required by BeforeClass on method setUp but has not been marked @Optional or defined
in C:\Users\2303810\AppData\Local\Temp\1\testng-eclipse--1081455831\testng-customsuite.xml">
      <![CDATA[org.testng.TestNGException: 
Parameter 'browser' is required by BeforeClass on method setUp but has not been marked @Optional or defined
in C:\Users\2303810\AppData\Local\Temp\1\testng-eclipse--1081455831\testng-customsuite.xml
at org.testng.internal.Parameters.createParams(Parameters.java:270)
at org.testng.internal.Parameters.createParametersForMethod(Parameters.java:358)
at org.testng.internal.Parameters.createParameters(Parameters.java:700)
at org.testng.internal.Parameters.createConfigurationParameters(Parameters.java:168)
at org.testng.internal.ConfigInvoker.invokeConfigurations(ConfigInvoker.java:302)
at org.testng.internal.TestMethodWorker.invokeBeforeClassMethods(TestMethodWorker.java:176)
at org.testng.internal.TestMethodWorker.run(TestMethodWorker.java:122)
at java.base/java.util.ArrayList.forEach(ArrayList.java:1511)
at org.testng.TestRunner.privateRun(TestRunner.java:794)
at org.testng.TestRunner.run(TestRunner.java:596)
at org.testng.SuiteRunner.runTest(SuiteRunner.java:377)
at org.testng.SuiteRunner.runSequentially(SuiteRunner.java:371)
at org.testng.SuiteRunner.privateRun(SuiteRunner.java:332)
at org.testng.SuiteRunner.run(SuiteRunner.java:276)
at org.testng.SuiteRunnerWorker.runSuite(SuiteRunnerWorker.java:53)
at org.testng.SuiteRunnerWorker.run(SuiteRunnerWorker.java:96)
at org.testng.TestNG.runSuitesSequentially(TestNG.java:1212)
at org.testng.TestNG.runSuitesLocally(TestNG.java:1134)
at org.testng.TestNG.runSuites(TestNG.java:1063)
at org.testng.TestNG.run(TestNG.java:1031)
at org.testng.remote.AbstractRemoteTestNG.run(AbstractRemoteTestNG.java:115)
at org.testng.remote.RemoteTestNG.initAndRun(RemoteTestNG.java:251)
at org.testng.remote.RemoteTestNG.main(RemoteTestNG.java:77)
]]>
    </failure>
  </testcase> <!-- @BeforeClass setUp -->
  <testcase classname="TestCases.Tc001_EmiCalculator" name="printCarEmiData" time="0.0">
    <skipped/>
  </testcase> <!-- printCarEmiData -->
  <testcase classname="TestCases.Tc001_EmiCalculator" name="homeLoanCalculator" time="0.0">
    <ignored/>
  </testcase> <!-- homeLoanCalculator -->
  <testcase classname="TestCases.Tc001_EmiCalculator" name="checkUI" time="0.0">
    <ignored/>
  </testcase> <!-- checkUI -->
  <testcase classname="TestCases.Tc001_EmiCalculator" name="printHomeEmiData" time="0.0">
    <ignored/>
  </testcase> <!-- printHomeEmiData -->
  <testcase classname="TestCases.Tc001_EmiCalculator" name="inputCalculator" time="0.0">
    <ignored/>
  </testcase> <!-- inputCalculator -->
  <testcase classname="TestCases.Tc001_EmiCalculator" name="loanCalculator" time="0.0">
    <ignored/>
  </testcase> <!-- loanCalculator -->
</testsuite> <!-- Default test -->
